<?xml version="1.0" encoding="UTF-8"?>
<testng-results skipped="0" failed="0" total="1" passed="1">
  <reporter-output>
  </reporter-output>
  <suite name="AAA1 Automation test suite" duration-ms="7765196" started-at="2018-02-16T16:36:37Z" finished-at="2018-02-16T18:46:02Z">
    <groups>
    </groups>
    <test name="Android-Native" duration-ms="7765196" started-at="2018-02-16T16:36:37Z" finished-at="2018-02-16T18:46:02Z">
      <class name="com.aaa.web.script.TC_DICallClearingFullService">
        <test-method status="PASS" signature="beforeSuite(org.testng.ITestContext, java.lang.String, java.lang.String)[pri:0, instance:com.aaa.web.script.TC_DICallClearingFullService@229c6181]" name="beforeSuite" is-config="true" duration-ms="31" started-at="2018-02-16T22:06:37Z" finished-at="2018-02-16T22:06:37Z">
          <params>
            <param index="0">
              <value>
                <![CDATA[org.testng.TestRunner@6f9e6a85]]>
              </value>
            </param>
            <param index="1">
              <value>
                <![CDATA[Sequential]]>
              </value>
            </param>
            <param index="2">
              <value>
                <![CDATA[Regression]]>
              </value>
            </param>
          </params>
          <reporter-output>
          </reporter-output>
        </test-method> <!-- beforeSuite -->
        <test-method status="PASS" signature="beforeClass(java.lang.String, java.lang.String, java.lang.String, java.lang.String, java.lang.String, java.lang.String, java.lang.String, java.lang.String, java.lang.String, java.lang.String, java.lang.String, java.lang.String, java.lang.String, java.lang.String, java.lang.String, org.testng.ITestContext)[pri:0, instance:com.aaa.web.script.TC_DICallClearingFullService@229c6181]" name="beforeClass" is-config="true" duration-ms="20347" started-at="2018-02-16T22:06:37Z" finished-at="2018-02-16T22:06:57Z">
          <params>
            <param index="0">
              <value>
                <![CDATA[selenium]]>
              </value>
            </param>
            <param index="1">
              <value>
                <![CDATA[chrome]]>
              </value>
            </param>
            <param index="2">
              <value>
                <![CDATA[60]]>
              </value>
            </param>
            <param index="3">
              <value>
                <![CDATA[local]]>
              </value>
            </param>
            <param index="4">
              <value>
                <![CDATA[windows 10]]>
              </value>
            </param>
            <param index="5">
              <value>
                <![CDATA[Android]]>
              </value>
            </param>
            <param index="6">
              <value>
                <![CDATA[AAA.apk]]>
              </value>
            </param>
            <param index="7">
              <value>
                <![CDATA[6.1]]>
              </value>
            </param>
            <param index="8">
              <value>
                <![CDATA[com.aaa.android.discounts]]>
              </value>
            </param>
            <param index="9">
              <value>
                <![CDATA[web]]>
              </value>
            </param>
            <param index="10">
              <value>
                <![CDATA[local]]>
              </value>
            </param>
            <param index="11">
              <value>
                <![CDATA[Samsung_Galaxy_S6]]>
              </value>
            </param>
            <param index="12">
              <value>
                <![CDATA[com.aaa.android.discounts.ui.sso.LoginFragmentActivity]]>
              </value>
            </param>
            <param index="13">
              <value>
                <![CDATA[02157df2d2788f19]]>
              </value>
            </param>
            <param index="14">
              <value>
                <![CDATA[http://127.0.0.1:4723/wd/hub]]>
              </value>
            </param>
            <param index="15">
              <value>
                <![CDATA[org.testng.TestRunner@6f9e6a85]]>
              </value>
            </param>
          </params>
          <reporter-output>
          </reporter-output>
        </test-method> <!-- beforeClass -->
        <test-method status="PASS" signature="beforeMethod(java.lang.reflect.Method)[pri:0, instance:com.aaa.web.script.TC_DICallClearingFullService@229c6181]" name="beforeMethod" is-config="true" duration-ms="78" started-at="2018-02-16T22:06:57Z" finished-at="2018-02-16T22:06:57Z">
          <params>
            <param index="0">
              <value>
                <![CDATA[public void com.aaa.web.script.TC_DICallClearingFullService.clearCallFullServices(int,java.lang.String,boolean) throws java.lang.Throwable]]>
              </value>
            </param>
          </params>
          <reporter-output>
          </reporter-output>
        </test-method> <!-- beforeMethod -->
        <test-method status="PASS" signature="clearCallFullServices(int, java.lang.String, boolean)[pri:0, instance:com.aaa.web.script.TC_DICallClearingFullService@229c6181]" name="clearCallFullServices" duration-ms="7743193" started-at="2018-02-16T22:06:57Z" finished-at="2018-02-17T00:16:00Z">
          <params>
            <param index="0">
              <value>
                <![CDATA[61]]>
              </value>
            </param>
            <param index="1">
              <value is-null="true"/>
            </param>
            <param index="2">
              <value>
                <![CDATA[false]]>
              </value>
            </param>
          </params>
          <reporter-output>
          </reporter-output>
        </test-method> <!-- clearCallFullServices -->
        <test-method status="PASS" signature="afterClass(java.lang.String)[pri:0, instance:com.aaa.web.script.TC_DICallClearingFullService@229c6181]" name="afterClass" is-config="true" duration-ms="1562" started-at="2018-02-17T00:16:00Z" finished-at="2018-02-17T00:16:02Z">
          <params>
            <param index="0">
              <value>
                <![CDATA[chrome]]>
              </value>
            </param>
          </params>
          <reporter-output>
          </reporter-output>
        </test-method> <!-- afterClass -->
        <test-method status="PASS" signature="afterMethod()[pri:0, instance:com.aaa.web.script.TC_DICallClearingFullService@229c6181]" name="afterMethod" is-config="true" duration-ms="0" started-at="2018-02-17T00:16:00Z" finished-at="2018-02-17T00:16:00Z">
          <reporter-output>
          </reporter-output>
        </test-method> <!-- afterMethod -->
        <test-method status="PASS" signature="afterSuite(org.testng.ITestContext, java.lang.String, java.lang.String)[pri:0, instance:com.aaa.web.script.TC_DICallClearingFullService@229c6181]" name="afterSuite" is-config="true" duration-ms="16305" started-at="2018-02-17T00:16:02Z" finished-at="2018-02-17T00:16:18Z">
          <params>
            <param index="0">
              <value>
                <![CDATA[org.testng.TestRunner@6f9e6a85]]>
              </value>
            </param>
            <param index="1">
              <value>
                <![CDATA[Sequential]]>
              </value>
            </param>
            <param index="2">
              <value>
                <![CDATA[Regression]]>
              </value>
            </param>
          </params>
          <reporter-output>
          </reporter-output>
        </test-method> <!-- afterSuite -->
      </class> <!-- com.aaa.web.script.TC_DICallClearingFullService -->
    </test> <!-- Android-Native -->
  </suite> <!-- AAA1 Automation test suite -->
</testng-results>
