<?xml version="1.0" encoding="UTF-8"?>
<!-- Generated by org.testng.reporters.JUnitXMLReporter -->
<testsuite hostname="HW0369" name="chromeWindowsLocal" tests="4" failures="0" timestamp="29 Jan 2018 07:24:13 GMT" time="286.89" errors="0">
  <testcase name="verifyPointsOfInterest" time="74.64" classname="com.aaa.web.script.TC_CRLocations"/>
  <testcase name="verifyPointsOfInterest" time="61.645" classname="com.aaa.web.script.TC_CRLocations"/>
  <testcase name="verifyPointsOfInterest" time="64.265" classname="com.aaa.web.script.TC_CRLocations"/>
  <testcase name="verifyPointsOfInterest" time="63.031" classname="com.aaa.web.script.TC_CRLocations"/>
</testsuite> <!-- chromeWindowsLocal -->
