<?xml version="1.0" encoding="UTF-8"?>
<!-- Generated by org.testng.reporters.JUnitXMLReporter -->
<testsuite hostname="HW0369" name="Android-Native1" tests="2" failures="0" timestamp="12 Feb 2018 14:30:54 GMT" time="16.129" errors="0">
  <testcase name="ValidatekillProcessForCalls" time="0.0" classname="test.webmobile.TC_CRCancelCalls">
    <skipped/>
  </testcase> <!-- ValidatekillProcessForCalls -->
  <testcase name="ValidatekillProcessForCallsNext" time="0.0" classname="test.webmobile.TC_CRCancelCalls">
    <skipped/>
  </testcase> <!-- ValidatekillProcessForCallsNext -->
</testsuite> <!-- Android-Native1 -->
