<?xml version="1.0" encoding="UTF-8"?>
<testsuite name="chromeWindowsLocal"
           tests="4"
           failures="0"
           errors="0"
           skipped="0"
           time="263.581">
  <properties />
  
  
            <testcase name="verifyPointsOfInterest" time="61.645" classname="com.aaa.web.script.TC_CRLocations" />
                <testcase name="verifyPointsOfInterest" time="63.031" classname="com.aaa.web.script.TC_CRLocations" />
                <testcase name="verifyPointsOfInterest" time="74.640" classname="com.aaa.web.script.TC_CRLocations" />
                <testcase name="verifyPointsOfInterest" time="64.265" classname="com.aaa.web.script.TC_CRLocations" />
      
</testsuite>
